<?xml version="1.0" encoding="UTF-8"?>
<!-- Generated by org.testng.reporters.JUnitReportReporter -->
<testsuite hostname="DESKTOP-MVKTGS4" failures="0" tests="1" name="TestCases.NewTest" time="66.143" errors="0" timestamp="2022-12-24T19:20:33 EET" skipped="0">
  <testcase classname="TestCases.NewTest" name="task2" time="66.143"/>
  <system-out/>
</testsuite> <!-- TestCases.NewTest -->
